2018-04-27 15:03:40 +0000  Initial pipeline context: <IDEDistributionProcessingPipelineContext: 0x7fd79758c680; archive(resolved)='<IDEArchive: 0x7fd7b3ef42f0>', distributionTask(resolved)='2', distributionMethod(resolved)='<IDEDistributionMethodDevelopmentSigned: 0x7fd7b71066c0>', team(resolved)='<IDEProvisioningBasicTeam 0x7fd7b3ef7a00: teamID: V9H9RJKQ77, teamName: Ander Moran>'>
	Chain (11, self inclusive):
	<IDEDistributionProcessingPipelineContext: 0x7fd79758c680; archive = '<IDEArchive: 0x7fd7b3ef42f0>', distributionMethod='<IDEDistributionMethodDevelopmentSigned: 0x7fd7b71066c0>', team='<IDEProvisioningBasicTeam 0x7fd7b3ef7a00: teamID: V9H9RJKQ77, teamName: Ander Moran>'>
	<IDEDistributionProcessingPipelineContext: 0x7fd7afd8e490; archive = '<IDEArchive: 0x7fd7b3ef42f0>', distributionMethod='<IDEDistributionMethodDevelopmentSigned: 0x7fd7b71066c0>', team='<IDEProvisioningBasicTeam 0x7fd7b3ef7a00: teamID: V9H9RJKQ77, teamName: Ander Moran>'>
	<IDEDistributionContext: 0x7fd7b7350800; archive = '<IDEArchive: 0x7fd7b3ef42f0>', distributionMethod='<IDEDistributionMethodDevelopmentSigned: 0x7fd7b71066c0>', team='<IDEProvisioningBasicTeam 0x7fd7b3ef7a00: teamID: V9H9RJKQ77, teamName: Ander Moran>'>
	<IDEDistributionContext: 0x7fd7b73e03c0; archive = '<IDEArchive: 0x7fd7b3ef42f0>', distributionMethod='<IDEDistributionMethodDevelopmentSigned: 0x7fd7b71066c0>', team='<IDEProvisioningBasicTeam 0x7fd7b3ef7a00: teamID: V9H9RJKQ77, teamName: Ander Moran>'>
	<IDEDistributionContext: 0x7fd7b3918e40; archive = '<IDEArchive: 0x7fd7b3ef42f0>', distributionMethod='<IDEDistributionMethodDevelopmentSigned: 0x7fd7b71066c0>', team='<IDEProvisioningBasicTeam 0x7fd7b3ef7a00: teamID: V9H9RJKQ77, teamName: Ander Moran>'>
	<IDEDistributionContext: 0x7fd7b7197b90; archive = '<IDEArchive: 0x7fd7b3ef42f0>', distributionMethod='<IDEDistributionMethodDevelopmentSigned: 0x7fd7b71066c0>', team='<IDEProvisioningBasicTeam 0x7fd7b3ef7a00: teamID: V9H9RJKQ77, teamName: Ander Moran>'>
	<IDEDistributionContext: 0x7fd7b7166dd0; archive = '<IDEArchive: 0x7fd7b3ef42f0>', distributionMethod='<IDEDistributionMethodDevelopmentSigned: 0x7fd7b71066c0>', team='<IDEProvisioningBasicTeam 0x7fd7b3ef7a00: teamID: V9H9RJKQ77, teamName: Ander Moran>'>
	<IDEDistributionContext: 0x7fd7b7211700; archive = '<IDEArchive: 0x7fd7b3ef42f0>', distributionMethod='<IDEDistributionMethodDevelopmentSigned: 0x7fd7b71066c0>', team='<IDEProvisioningBasicTeam 0x7fd7b3ef7a00: teamID: V9H9RJKQ77, teamName: Ander Moran>'>
	<IDEDistributionContext: 0x7fd7b70d6460; archive = '<IDEArchive: 0x7fd7b3ef42f0>', distributionMethod='<IDEDistributionMethodDevelopmentSigned: 0x7fd7b71066c0>', team='<IDEProvisioningBasicTeam 0x7fd7b3ef7a00: teamID: V9H9RJKQ77, teamName: Ander Moran>'>
	<IDEDistributionContext: 0x7fd79755e4e0; archive = '<IDEArchive: 0x7fd7b3ef42f0>', distributionMethod='<IDEDistributionMethodDevelopmentSigned: 0x7fd7b71066c0>', team='(null)'>
	<IDEDistributionContext: 0x7fd7b4500c90; archive = '<IDEArchive: 0x7fd7b3ef42f0>', distributionMethod='(null)', team='(null)'>
</IDEDistributionProcessingPipelineContext: 0x7fd79758c680>
2018-04-27 15:03:40 +0000  Processing step: IDEDistributionCreateDestRootStep
2018-04-27 15:03:40 +0000  Processing step: IDEDistributionCopyItemStep
2018-04-27 15:03:40 +0000  Running /usr/bin/ditto '-V' '/Users/andermoran/Library/Developer/Xcode/Archives/2018-04-27/breadsticks_v2 4-27-18, 9.50 AM.xcarchive/Products/Applications/breadsticks_v2.app' '/var/folders/6m/jshfppr559x2_vmldph3jdhw0000gn/T/XcodeDistPipeline.oyk/Root/Payload/breadsticks_v2.app'
2018-04-27 15:03:40 +0000  >>> Copying /Users/andermoran/Library/Developer/Xcode/Archives/2018-04-27/breadsticks_v2 4-27-18, 9.50 AM.xcarchive/Products/Applications/breadsticks_v2.app 
2018-04-27 15:03:40 +0000  copying file ./_CodeSignature/CodeResources ... 
2018-04-27 15:03:40 +0000  48227 bytes for ./_CodeSignature/CodeResources
2018-04-27 15:03:40 +0000  copying file ./AppIcon20x20@2x.png ... 
2018-04-27 15:03:40 +0000  1859 bytes for ./AppIcon20x20@2x.png
2018-04-27 15:03:40 +0000  copying file ./breadsticks_v2 ... 
2018-04-27 15:03:40 +0000  675552 bytes for ./breadsticks_v2
2018-04-27 15:03:40 +0000  copying file ./AppIcon57x57.png ... 
2018-04-27 15:03:40 +0000  2465 bytes for ./AppIcon57x57.png
copying file ./AppIcon20x20@3x.png ... 
2018-04-27 15:03:40 +0000  2643 bytes for ./AppIcon20x20@3x.png
2018-04-27 15:03:40 +0000  copying file ./AppIcon29x29.png ... 
2018-04-27 15:03:40 +0000  1360 bytes for ./AppIcon29x29.png
copying file ./AppIcon60x60@2x.png ... 
2018-04-27 15:03:40 +0000  5467 bytes for ./AppIcon60x60@2x.png
2018-04-27 15:03:40 +0000  copying file ./AppIcon72x72@2x~ipad.png ... 
2018-04-27 15:03:40 +0000  6778 bytes for ./AppIcon72x72@2x~ipad.png
copying file ./AppIcon29x29@2x.png ... 
2018-04-27 15:03:40 +0000  2553 bytes for ./AppIcon29x29@2x.png
copying file ./AppIcon40x40@3x.png ... 
2018-04-27 15:03:40 +0000  5467 bytes for ./AppIcon40x40@3x.png
2018-04-27 15:03:40 +0000  copying file ./AppIcon57x57@2x.png ... 
2018-04-27 15:03:40 +0000  5224 bytes for ./AppIcon57x57@2x.png
copying file ./AppIcon29x29~ipad.png ... 
2018-04-27 15:03:40 +0000  1360 bytes for ./AppIcon29x29~ipad.png
copying file ./AppIcon40x40@2x.png ... 
2018-04-27 15:03:40 +0000  3622 bytes for ./AppIcon40x40@2x.png
2018-04-27 15:03:40 +0000  copying file ./AppIcon29x29@3x.png ... 
2018-04-27 15:03:40 +0000  4021 bytes for ./AppIcon29x29@3x.png
copying file ./AppIcon60x60@3x.png ... 
2018-04-27 15:03:40 +0000  9381 bytes for ./AppIcon60x60@3x.png
2018-04-27 15:03:40 +0000  copying file ./Base.lproj/Main.storyboardc/ICE-tS-whT-view-W6R-cI-t6S.nib/objects-11.0+.nib ... 
2018-04-27 15:03:40 +0000  4381 bytes for ./Base.lproj/Main.storyboardc/ICE-tS-whT-view-W6R-cI-t6S.nib/objects-11.0+.nib
copying file ./Base.lproj/Main.storyboardc/ICE-tS-whT-view-W6R-cI-t6S.nib/runtime.nib ... 
2018-04-27 15:03:40 +0000  4522 bytes for ./Base.lproj/Main.storyboardc/ICE-tS-whT-view-W6R-cI-t6S.nib/runtime.nib
2018-04-27 15:03:40 +0000  copying file ./Base.lproj/Main.storyboardc/UITableViewController-ICE-tS-whT.nib/objects-11.0+.nib ... 
2018-04-27 15:03:40 +0000  1162 bytes for ./Base.lproj/Main.storyboardc/UITableViewController-ICE-tS-whT.nib/objects-11.0+.nib
2018-04-27 15:03:40 +0000  copying file ./Base.lproj/Main.storyboardc/UITableViewController-ICE-tS-whT.nib/runtime.nib ... 
2018-04-27 15:03:40 +0000  1162 bytes for ./Base.lproj/Main.storyboardc/UITableViewController-ICE-tS-whT.nib/runtime.nib
2018-04-27 15:03:40 +0000  copying file ./Base.lproj/Main.storyboardc/BYZ-38-t0r-view-8bC-Xf-vdC.nib/objects-11.0+.nib ... 
2018-04-27 15:03:40 +0000  2022 bytes for ./Base.lproj/Main.storyboardc/BYZ-38-t0r-view-8bC-Xf-vdC.nib/objects-11.0+.nib
copying file ./Base.lproj/Main.storyboardc/BYZ-38-t0r-view-8bC-Xf-vdC.nib/runtime.nib ... 
2018-04-27 15:03:40 +0000  2857 bytes for ./Base.lproj/Main.storyboardc/BYZ-38-t0r-view-8bC-Xf-vdC.nib/runtime.nib
copying file ./Base.lproj/Main.storyboardc/Info.plist ... 
2018-04-27 15:03:40 +0000  361 bytes for ./Base.lproj/Main.storyboardc/Info.plist
2018-04-27 15:03:40 +0000  copying file ./Base.lproj/Main.storyboardc/UINavigationController-JLh-on-qcI.nib/objects-11.0+.nib ... 
2018-04-27 15:03:40 +0000  2624 bytes for ./Base.lproj/Main.storyboardc/UINavigationController-JLh-on-qcI.nib/objects-11.0+.nib
copying file ./Base.lproj/Main.storyboardc/UINavigationController-JLh-on-qcI.nib/runtime.nib ... 
2018-04-27 15:03:40 +0000  2622 bytes for ./Base.lproj/Main.storyboardc/UINavigationController-JLh-on-qcI.nib/runtime.nib
2018-04-27 15:03:40 +0000  copying file ./Base.lproj/LaunchScreen.storyboardc/01J-lp-oVM-view-Ze5-6b-2t3.nib ... 
2018-04-27 15:03:40 +0000  1985 bytes for ./Base.lproj/LaunchScreen.storyboardc/01J-lp-oVM-view-Ze5-6b-2t3.nib
copying file ./Base.lproj/LaunchScreen.storyboardc/UIViewController-01J-lp-oVM.nib ... 
2018-04-27 15:03:40 +0000  832 bytes for ./Base.lproj/LaunchScreen.storyboardc/UIViewController-01J-lp-oVM.nib
2018-04-27 15:03:40 +0000  copying file ./Base.lproj/LaunchScreen.storyboardc/Info.plist ... 
2018-04-27 15:03:40 +0000  258 bytes for ./Base.lproj/LaunchScreen.storyboardc/Info.plist
copying file ./Sweet-Sensations.ttf ... 
2018-04-27 15:03:40 +0000  31008 bytes for ./Sweet-Sensations.ttf
2018-04-27 15:03:40 +0000  copying file ./archived-expanded-entitlements.xcent ... 
2018-04-27 15:03:40 +0000  396 bytes for ./archived-expanded-entitlements.xcent
2018-04-27 15:03:40 +0000  copying file ./Assets.car ... 
2018-04-27 15:03:40 +0000  242952 bytes for ./Assets.car
2018-04-27 15:03:40 +0000  copying file ./AppIcon40x40@2x~ipad.png ... 
2018-04-27 15:03:40 +0000  3622 bytes for ./AppIcon40x40@2x~ipad.png
2018-04-27 15:03:40 +0000  copying file ./AppIcon76x76@2x~ipad.png ... 
7519 bytes for ./AppIcon76x76@2x~ipad.png
copying file ./AppIcon72x72~ipad.png ... 
2018-04-27 15:03:40 +0000  3201 bytes for ./AppIcon72x72~ipad.png
2018-04-27 15:03:40 +0000  copying file ./AppIcon83.5x83.5@2x~ipad.png ... 
2018-04-27 15:03:40 +0000  8216 bytes for ./AppIcon83.5x83.5@2x~ipad.png
copying file ./AppIcon50x50~ipad.png ... 
2018-04-27 15:03:40 +0000  2165 bytes for ./AppIcon50x50~ipad.png
copying file ./AppIcon29x29@2x~ipad.png ... 
2018-04-27 15:03:40 +0000  2553 bytes for ./AppIcon29x29@2x~ipad.png
copying file ./AppIcon50x50@2x~ipad.png ... 
2018-04-27 15:03:40 +0000  4545 bytes for ./AppIcon50x50@2x~ipad.png
2018-04-27 15:03:40 +0000  copying file ./AppIcon40x40~ipad.png ... 
1859 bytes for ./AppIcon40x40~ipad.png
2018-04-27 15:03:40 +0000  copying file ./Frameworks/Mapbox.framework/de.lproj/Localizable.strings ... 
2018-04-27 15:03:40 +0000  2615 bytes for ./Frameworks/Mapbox.framework/de.lproj/Localizable.strings
copying file ./Frameworks/Mapbox.framework/de.lproj/Foundation.strings ... 
2018-04-27 15:03:40 +0000  3274 bytes for ./Frameworks/Mapbox.framework/de.lproj/Foundation.strings
copying file ./Frameworks/Mapbox.framework/de.lproj/Localizable.stringsdict ... 
2018-04-27 15:03:40 +0000  344 bytes for ./Frameworks/Mapbox.framework/de.lproj/Localizable.stringsdict
copying file ./Frameworks/Mapbox.framework/de.lproj/Foundation.stringsdict ... 
2018-04-27 15:03:40 +0000  425 bytes for ./Frameworks/Mapbox.framework/de.lproj/Foundation.stringsdict
2018-04-27 15:03:40 +0000  copying file ./Frameworks/Mapbox.framework/_CodeSignature/CodeResources ... 
2018-04-27 15:03:40 +0000  28938 bytes for ./Frameworks/Mapbox.framework/_CodeSignature/CodeResources
2018-04-27 15:03:40 +0000  copying file ./Frameworks/Mapbox.framework/ar.lproj/Foundation.stringsdict ... 
2018-04-27 15:03:40 +0000  714 bytes for ./Frameworks/Mapbox.framework/ar.lproj/Foundation.stringsdict
2018-04-27 15:03:40 +0000  copying file ./Frameworks/Mapbox.framework/zh-Hans.lproj/Localizable.strings ... 
2018-04-27 15:03:40 +0000  1893 bytes for ./Frameworks/Mapbox.framework/zh-Hans.lproj/Localizable.strings
copying file ./Frameworks/Mapbox.framework/zh-Hans.lproj/Foundation.strings ... 
2018-04-27 15:03:40 +0000  2820 bytes for ./Frameworks/Mapbox.framework/zh-Hans.lproj/Foundation.strings
2018-04-27 15:03:40 +0000  copying file ./Frameworks/Mapbox.framework/ja.lproj/Localizable.strings ... 
2018-04-27 15:03:40 +0000  1498 bytes for ./Frameworks/Mapbox.framework/ja.lproj/Localizable.strings
copying file ./Frameworks/Mapbox.framework/ja.lproj/Foundation.strings ... 
2018-04-27 15:03:40 +0000  2822 bytes for ./Frameworks/Mapbox.framework/ja.lproj/Foundation.strings
2018-04-27 15:03:40 +0000  copying file ./Frameworks/Mapbox.framework/en.lproj/Localizable.stringsdict ... 
2018-04-27 15:03:40 +0000  470 bytes for ./Frameworks/Mapbox.framework/en.lproj/Localizable.stringsdict
copying file ./Frameworks/Mapbox.framework/en.lproj/Foundation.stringsdict ... 
2018-04-27 15:03:40 +0000  438 bytes for ./Frameworks/Mapbox.framework/en.lproj/Foundation.stringsdict
2018-04-27 15:03:40 +0000  copying file ./Frameworks/Mapbox.framework/uk.lproj/Localizable.strings ... 
2018-04-27 15:03:40 +0000  2980 bytes for ./Frameworks/Mapbox.framework/uk.lproj/Localizable.strings
copying file ./Frameworks/Mapbox.framework/uk.lproj/Foundation.strings ... 
2018-04-27 15:03:40 +0000  4068 bytes for ./Frameworks/Mapbox.framework/uk.lproj/Foundation.strings
2018-04-27 15:03:40 +0000  copying file ./Frameworks/Mapbox.framework/uk.lproj/Localizable.stringsdict ... 
2018-04-27 15:03:40 +0000  443 bytes for ./Frameworks/Mapbox.framework/uk.lproj/Localizable.stringsdict
copying file ./Frameworks/Mapbox.framework/uk.lproj/Foundation.stringsdict ... 
2018-04-27 15:03:40 +0000  578 bytes for ./Frameworks/Mapbox.framework/uk.lproj/Foundation.stringsdict
2018-04-27 15:03:40 +0000  copying file ./Frameworks/Mapbox.framework/es.lproj/Localizable.strings ... 
2018-04-27 15:03:40 +0000  2979 bytes for ./Frameworks/Mapbox.framework/es.lproj/Localizable.strings
copying file ./Frameworks/Mapbox.framework/es.lproj/Foundation.strings ... 
2018-04-27 15:03:40 +0000  3244 bytes for ./Frameworks/Mapbox.framework/es.lproj/Foundation.strings
copying file ./Frameworks/Mapbox.framework/es.lproj/Localizable.stringsdict ... 
2018-04-27 15:03:40 +0000  495 bytes for ./Frameworks/Mapbox.framework/es.lproj/Localizable.stringsdict
2018-04-27 15:03:40 +0000  copying file ./Frameworks/Mapbox.framework/es.lproj/Foundation.stringsdict ... 
438 bytes for ./Frameworks/Mapbox.framework/es.lproj/Foundation.stringsdict
2018-04-27 15:03:40 +0000  copying file ./Frameworks/Mapbox.framework/bg.lproj/Localizable.strings ... 
2018-04-27 15:03:40 +0000  2896 bytes for ./Frameworks/Mapbox.framework/bg.lproj/Localizable.strings
copying file ./Frameworks/Mapbox.framework/bg.lproj/Foundation.strings ... 
2018-04-27 15:03:40 +0000  3735 bytes for ./Frameworks/Mapbox.framework/bg.lproj/Foundation.strings
2018-04-27 15:03:40 +0000  copying file ./Frameworks/Mapbox.framework/bg.lproj/Localizable.stringsdict ... 
2018-04-27 15:03:40 +0000  503 bytes for ./Frameworks/Mapbox.framework/bg.lproj/Localizable.stringsdict
copying file ./Frameworks/Mapbox.framework/bg.lproj/Foundation.stringsdict ... 
2018-04-27 15:03:40 +0000  495 bytes for ./Frameworks/Mapbox.framework/bg.lproj/Foundation.stringsdict
2018-04-27 15:03:40 +0000  copying file ./Frameworks/Mapbox.framework/sv.lproj/Localizable.strings ... 
2018-04-27 15:03:40 +0000  2575 bytes for ./Frameworks/Mapbox.framework/sv.lproj/Localizable.strings
2018-04-27 15:03:40 +0000  copying file ./Frameworks/Mapbox.framework/sv.lproj/Foundation.strings ... 
2018-04-27 15:03:40 +0000  3353 bytes for ./Frameworks/Mapbox.framework/sv.lproj/Foundation.strings
2018-04-27 15:03:40 +0000  copying file ./Frameworks/Mapbox.framework/sv.lproj/Localizable.stringsdict ... 
2018-04-27 15:03:40 +0000  339 bytes for ./Frameworks/Mapbox.framework/sv.lproj/Localizable.stringsdict
copying file ./Frameworks/Mapbox.framework/sv.lproj/Foundation.stringsdict ... 
2018-04-27 15:03:40 +0000  435 bytes for ./Frameworks/Mapbox.framework/sv.lproj/Foundation.stringsdict
2018-04-27 15:03:40 +0000  copying file ./Frameworks/Mapbox.framework/api_mapbox_com-digicert_2016.der ... 
2018-04-27 15:03:40 +0000  1913 bytes for ./Frameworks/Mapbox.framework/api_mapbox_com-digicert_2016.der
2018-04-27 15:03:40 +0000  copying file ./Frameworks/Mapbox.framework/api_mapbox_com-digicert_2017.der ... 
2018-04-27 15:03:40 +0000  2030 bytes for ./Frameworks/Mapbox.framework/api_mapbox_com-digicert_2017.der
2018-04-27 15:03:40 +0000  copying file ./Frameworks/Mapbox.framework/Base.lproj/Localizable.strings ... 
2018-04-27 15:03:40 +0000  2369 bytes for ./Frameworks/Mapbox.framework/Base.lproj/Localizable.strings
2018-04-27 15:03:40 +0000  copying file ./Frameworks/Mapbox.framework/Base.lproj/Foundation.strings ... 
2018-04-27 15:03:40 +0000  3237 bytes for ./Frameworks/Mapbox.framework/Base.lproj/Foundation.strings
copying file ./Frameworks/Mapbox.framework/zh-Hant.lproj/Localizable.strings ... 
2018-04-27 15:03:40 +0000  1701 bytes for ./Frameworks/Mapbox.framework/zh-Hant.lproj/Localizable.strings
2018-04-27 15:03:40 +0000  copying file ./Frameworks/Mapbox.framework/zh-Hant.lproj/Foundation.strings ... 
2018-04-27 15:03:40 +0000  2826 bytes for ./Frameworks/Mapbox.framework/zh-Hant.lproj/Foundation.strings
2018-04-27 15:03:40 +0000  copying file ./Frameworks/Mapbox.framework/zh-Hant.lproj/Localizable.stringsdict ... 
2018-04-27 15:03:40 +0000  282 bytes for ./Frameworks/Mapbox.framework/zh-Hant.lproj/Localizable.stringsdict
2018-04-27 15:03:40 +0000  copying file ./Frameworks/Mapbox.framework/api_mapbox_com-geotrust_2016.der ... 
2018-04-27 15:03:40 +0000  1757 bytes for ./Frameworks/Mapbox.framework/api_mapbox_com-geotrust_2016.der
2018-04-27 15:03:40 +0000  copying file ./Frameworks/Mapbox.framework/hu.lproj/Localizable.strings ... 
2018-04-27 15:03:40 +0000  2588 bytes for ./Frameworks/Mapbox.framework/hu.lproj/Localizable.strings
copying file ./Frameworks/Mapbox.framework/hu.lproj/Foundation.stringsdict ... 
2018-04-27 15:03:40 +0000  409 bytes for ./Frameworks/Mapbox.framework/hu.lproj/Foundation.stringsdict
copying file ./Frameworks/Mapbox.framework/api_mapbox_com-geotrust_2017.der ... 
2018-04-27 15:03:40 +0000  1758 bytes for ./Frameworks/Mapbox.framework/api_mapbox_com-geotrust_2017.der
copying file ./Frameworks/Mapbox.framework/Assets.car ... 
2018-04-27 15:03:40 +0000  85288 bytes for ./Frameworks/Mapbox.framework/Assets.car
2018-04-27 15:03:40 +0000  copying file ./Frameworks/Mapbox.framework/pl.lproj/Foundation.stringsdict ... 
2018-04-27 15:03:40 +0000  522 bytes for ./Frameworks/Mapbox.framework/pl.lproj/Foundation.stringsdict
2018-04-27 15:03:40 +0000  copying file ./Frameworks/Mapbox.framework/pt-BR.lproj/Localizable.strings ... 
2018-04-27 15:03:40 +0000  2725 bytes for ./Frameworks/Mapbox.framework/pt-BR.lproj/Localizable.strings
2018-04-27 15:03:40 +0000  copying file ./Frameworks/Mapbox.framework/pt-BR.lproj/Foundation.strings ... 
2018-04-27 15:03:40 +0000  3277 bytes for ./Frameworks/Mapbox.framework/pt-BR.lproj/Foundation.strings
copying file ./Frameworks/Mapbox.framework/pt-BR.lproj/Localizable.stringsdict ... 
2018-04-27 15:03:40 +0000  376 bytes for ./Frameworks/Mapbox.framework/pt-BR.lproj/Localizable.stringsdict
copying file ./Frameworks/Mapbox.framework/pt-BR.lproj/Foundation.stringsdict ... 
2018-04-27 15:03:40 +0000  436 bytes for ./Frameworks/Mapbox.framework/pt-BR.lproj/Foundation.stringsdict
2018-04-27 15:03:40 +0000  copying file ./Frameworks/Mapbox.framework/vi.lproj/Localizable.strings ... 
2018-04-27 15:03:40 +0000  3508 bytes for ./Frameworks/Mapbox.framework/vi.lproj/Localizable.strings
copying file ./Frameworks/Mapbox.framework/vi.lproj/Foundation.strings ... 
2018-04-27 15:03:40 +0000  3656 bytes for ./Frameworks/Mapbox.framework/vi.lproj/Foundation.strings
2018-04-27 15:03:40 +0000  copying file ./Frameworks/Mapbox.framework/vi.lproj/Localizable.stringsdict ... 
2018-04-27 15:03:40 +0000  516 bytes for ./Frameworks/Mapbox.framework/vi.lproj/Localizable.stringsdict
copying file ./Frameworks/Mapbox.framework/vi.lproj/Foundation.stringsdict ... 
2018-04-27 15:03:40 +0000  398 bytes for ./Frameworks/Mapbox.framework/vi.lproj/Foundation.stringsdict
2018-04-27 15:03:40 +0000  copying file ./Frameworks/Mapbox.framework/lt.lproj/Localizable.strings ... 
2018-04-27 15:03:40 +0000  2946 bytes for ./Frameworks/Mapbox.framework/lt.lproj/Localizable.strings
copying file ./Frameworks/Mapbox.framework/lt.lproj/Foundation.strings ... 
2018-04-27 15:03:40 +0000  4194 bytes for ./Frameworks/Mapbox.framework/lt.lproj/Foundation.strings
copying file ./Frameworks/Mapbox.framework/lt.lproj/Localizable.stringsdict ... 
2018-04-27 15:03:40 +0000  399 bytes for ./Frameworks/Mapbox.framework/lt.lproj/Localizable.stringsdict
2018-04-27 15:03:40 +0000  copying file ./Frameworks/Mapbox.framework/lt.lproj/Foundation.stringsdict ... 
2018-04-27 15:03:40 +0000  557 bytes for ./Frameworks/Mapbox.framework/lt.lproj/Foundation.stringsdict
2018-04-27 15:03:40 +0000  copying file ./Frameworks/Mapbox.framework/ru.lproj/Localizable.strings ... 
2018-04-27 15:03:40 +0000  2899 bytes for ./Frameworks/Mapbox.framework/ru.lproj/Localizable.strings
copying file ./Frameworks/Mapbox.framework/ru.lproj/Foundation.strings ... 
2018-04-27 15:03:40 +0000  3281 bytes for ./Frameworks/Mapbox.framework/ru.lproj/Foundation.strings
copying file ./Frameworks/Mapbox.framework/ru.lproj/Localizable.stringsdict ... 
2018-04-27 15:03:40 +0000  444 bytes for ./Frameworks/Mapbox.framework/ru.lproj/Localizable.stringsdict
copying file ./Frameworks/Mapbox.framework/ru.lproj/Foundation.stringsdict ... 
2018-04-27 15:03:40 +0000  585 bytes for ./Frameworks/Mapbox.framework/ru.lproj/Foundation.stringsdict
2018-04-27 15:03:40 +0000  copying file ./Frameworks/Mapbox.framework/Mapbox ... 
2018-04-27 15:03:40 +0000  63536096 bytes for ./Frameworks/Mapbox.framework/Mapbox
copying file ./Frameworks/Mapbox.framework/fr.lproj/Localizable.strings ... 
2018-04-27 15:03:40 +0000  3013 bytes for ./Frameworks/Mapbox.framework/fr.lproj/Localizable.strings
copying file ./Frameworks/Mapbox.framework/fr.lproj/Localizable.stringsdict ... 
2018-04-27 15:03:40 +0000  340 bytes for ./Frameworks/Mapbox.framework/fr.lproj/Localizable.stringsdict
2018-04-27 15:03:40 +0000  copying file ./Frameworks/Mapbox.framework/fr.lproj/Foundation.stringsdict ... 
2018-04-27 15:03:40 +0000  455 bytes for ./Frameworks/Mapbox.framework/fr.lproj/Foundation.stringsdict
copying file ./Frameworks/Mapbox.framework/strip-frameworks.sh ... 
2018-04-27 15:03:40 +0000  2570 bytes for ./Frameworks/Mapbox.framework/strip-frameworks.sh
2018-04-27 15:03:40 +0000  copying file ./Frameworks/Mapbox.framework/Info.plist ... 
2018-04-27 15:03:40 +0000  798 bytes for ./Frameworks/Mapbox.framework/Info.plist
copying file ./Frameworks/Mapbox.framework/api_mapbox_staging.der ... 
2018-04-27 15:03:40 +0000  1334 bytes for ./Frameworks/Mapbox.framework/api_mapbox_staging.der
2018-04-27 15:03:40 +0000  copying file ./Frameworks/Mapbox.framework/ca.lproj/Localizable.strings ... 
2018-04-27 15:03:40 +0000  2919 bytes for ./Frameworks/Mapbox.framework/ca.lproj/Localizable.strings
2018-04-27 15:03:40 +0000  copying file ./Frameworks/Mapbox.framework/ca.lproj/Foundation.strings ... 
2018-04-27 15:03:40 +0000  3166 bytes for ./Frameworks/Mapbox.framework/ca.lproj/Foundation.strings
2018-04-27 15:03:40 +0000  copying file ./Frameworks/Mapbox.framework/ca.lproj/Localizable.stringsdict ... 
2018-04-27 15:03:40 +0000  356 bytes for ./Frameworks/Mapbox.framework/ca.lproj/Localizable.stringsdict
copying file ./Frameworks/Mapbox.framework/ca.lproj/Foundation.stringsdict ... 
2018-04-27 15:03:40 +0000  430 bytes for ./Frameworks/Mapbox.framework/ca.lproj/Foundation.stringsdict
2018-04-27 15:03:40 +0000  copying file ./Frameworks/SCLAlertView_Objective_C.framework/_CodeSignature/CodeResources ... 
2018-04-27 15:03:40 +0000  2202 bytes for ./Frameworks/SCLAlertView_Objective_C.framework/_CodeSignature/CodeResources
2018-04-27 15:03:40 +0000  copying file ./Frameworks/SCLAlertView_Objective_C.framework/SCLAlertView_Objective_C ... 
2018-04-27 15:03:40 +0000  1906336 bytes for ./Frameworks/SCLAlertView_Objective_C.framework/SCLAlertView_Objective_C
copying file ./Frameworks/SCLAlertView_Objective_C.framework/Info.plist ... 
2018-04-27 15:03:40 +0000  773 bytes for ./Frameworks/SCLAlertView_Objective_C.framework/Info.plist
2018-04-27 15:03:40 +0000  copying file ./AppIcon20x20~ipad.png ... 
2018-04-27 15:03:40 +0000  949 bytes for ./AppIcon20x20~ipad.png
2018-04-27 15:03:40 +0000  copying file ./embedded.mobileprovision ... 
2018-04-27 15:03:40 +0000  8295 bytes for ./embedded.mobileprovision
copying file ./AppIcon20x20@2x~ipad.png ... 
2018-04-27 15:03:40 +0000  1859 bytes for ./AppIcon20x20@2x~ipad.png
2018-04-27 15:03:40 +0000  copying file ./Info.plist ... 
1752 bytes for ./Info.plist
2018-04-27 15:03:40 +0000  copying file ./PkgInfo ... 
2018-04-27 15:03:40 +0000  8 bytes for ./PkgInfo
copying file ./AppIcon76x76~ipad.png ... 
2018-04-27 15:03:40 +0000  3506 bytes for ./AppIcon76x76~ipad.png
2018-04-27 15:03:40 +0000  
2018-04-27 15:03:40 +0000  2018-04-27 15:03:40 +0000  /usr/bin/ditto exited with 0

2018-04-27 15:03:40 +0000  
2018-04-27 15:03:40 +0000  Processing step: IDEDistributionEmbedProfileStep
2018-04-27 15:03:40 +0000  Skipping profile for item: <IDEDistributionItem: 0x7fd79759bc90 'com.mapbox.sdk.ios' '<DVTFilePath:0x7fd7b710f900:'/Users/andermoran/Library/Developer/Xcode/Archives/2018-04-27/breadsticks_v2 4-27-18, 9.50 AM.xcarchive/Products/Applications/breadsticks_v2.app/Frameworks/Mapbox.framework'>'>
2018-04-27 15:03:40 +0000  Skipping profile for item: <IDEDistributionItem: 0x7fd79755ca00 'org.cocoapods.SCLAlertView-Objective-C' '<DVTFilePath:0x7fd7b7285b30:'/Users/andermoran/Library/Developer/Xcode/Archives/2018-04-27/breadsticks_v2 4-27-18, 9.50 AM.xcarchive/Products/Applications/breadsticks_v2.app/Frameworks/SCLAlertView_Objective_C.framework'>'>
2018-04-27 15:03:40 +0000  Processing step: IDEDistributionAppThinningPlistStep
2018-04-27 15:03:40 +0000  Skipping step: IDEDistributionAppThinningPlistStep because it said so
2018-04-27 15:03:40 +0000  Processing step: IDEDistributionCompileBitcodeStep
2018-04-27 15:03:40 +0000  Skipping step: IDEDistributionCompileBitcodeStep because it said so
2018-04-27 15:03:40 +0000  Processing step: IDEDistributionCodeSlimmingStep
2018-04-27 15:03:40 +0000  Processing step: IDEDistributionCopyBCSymbolMapsStep
2018-04-27 15:03:40 +0000  Skipping step: IDEDistributionCopyBCSymbolMapsStep because it said so
2018-04-27 15:03:40 +0000  Skipping step: IDEDistributionCopyBCSymbolMapsStep because it said so
2018-04-27 15:03:40 +0000  Skipping step: IDEDistributionCopyBCSymbolMapsStep because it said so
2018-04-27 15:03:40 +0000  Processing step: IDEDistributionSymbolsStep
2018-04-27 15:03:40 +0000  Skipping step: IDEDistributionSymbolsStep because it said so
2018-04-27 15:03:40 +0000  Skipping step: IDEDistributionSymbolsStep because it said so
2018-04-27 15:03:40 +0000  Skipping step: IDEDistributionSymbolsStep because it said so
2018-04-27 15:03:40 +0000  Processing step: IDEDistributionAppThinningStep
2018-04-27 15:03:40 +0000  Skipping step: IDEDistributionAppThinningStep because it said so
2018-04-27 15:03:40 +0000  Processing step: IDEDistributionODRStep
2018-04-27 15:03:40 +0000  Processing step: IDEDistributionStripXattrsStep
2018-04-27 15:03:40 +0000  Skipping stripping extended attributes of item: <IDEDistributionItem: 0x7fd79759bc90 'com.mapbox.sdk.ios' '<DVTFilePath:0x7fd7b710f900:'/Users/andermoran/Library/Developer/Xcode/Archives/2018-04-27/breadsticks_v2 4-27-18, 9.50 AM.xcarchive/Products/Applications/breadsticks_v2.app/Frameworks/Mapbox.framework'>'>
2018-04-27 15:03:40 +0000  Skipping stripping extended attributes of item: <IDEDistributionItem: 0x7fd79755ca00 'org.cocoapods.SCLAlertView-Objective-C' '<DVTFilePath:0x7fd7b7285b30:'/Users/andermoran/Library/Developer/Xcode/Archives/2018-04-27/breadsticks_v2 4-27-18, 9.50 AM.xcarchive/Products/Applications/breadsticks_v2.app/Frameworks/SCLAlertView_Objective_C.framework'>'>
2018-04-27 15:03:40 +0000  Running /usr/bin/xattr '-crs' '/var/folders/6m/jshfppr559x2_vmldph3jdhw0000gn/T/XcodeDistPipeline.oyk/Root/Payload/breadsticks_v2.app'
2018-04-27 15:03:41 +0000  
2018-04-27 15:03:41 +0000  2018-04-27 15:03:41 +0000  /usr/bin/xattr exited with 0

2018-04-27 15:03:41 +0000  
2018-04-27 15:03:41 +0000  Processing step: IDEDistributionCodesignStep
2018-04-27 15:03:41 +0000  Applying entitlements delta for <IDEDistributionItem: 0x7fd79759bc90 'com.mapbox.sdk.ios' '<DVTFilePath:0x7fd7b710f900:'/Users/andermoran/Library/Developer/Xcode/Archives/2018-04-27/breadsticks_v2 4-27-18, 9.50 AM.xcarchive/Products/Applications/breadsticks_v2.app/Frameworks/Mapbox.framework'>'> from <IDEiCloudEntitlementsProcessor: 0x7fd7b7163460>: {
}
2018-04-27 15:03:41 +0000  Entitlements for <IDEDistributionItem: 0x7fd79759bc90 'com.mapbox.sdk.ios' '<DVTFilePath:0x7fd7b710f900:'/Users/andermoran/Library/Developer/Xcode/Archives/2018-04-27/breadsticks_v2 4-27-18, 9.50 AM.xcarchive/Products/Applications/breadsticks_v2.app/Frameworks/Mapbox.framework'>'>: {
}
2018-04-27 15:03:41 +0000  Writing entitlements for <IDEDistributionItem: 0x7fd79759bc90 'com.mapbox.sdk.ios' '<DVTFilePath:0x7fd7b710f900:'/Users/andermoran/Library/Developer/Xcode/Archives/2018-04-27/breadsticks_v2 4-27-18, 9.50 AM.xcarchive/Products/Applications/breadsticks_v2.app/Frameworks/Mapbox.framework'>'> to: /var/folders/6m/jshfppr559x2_vmldph3jdhw0000gn/T/XcodeDistPipeline.oyk/entitlementsZQ2jBl
2018-04-27 15:03:41 +0000  Running /usr/bin/codesign '-vvv' '--force' '--sign' 'D91F04E4DE12BC0D27E8C4FA2EB6B79DA7B1510C' '--preserve-metadata=identifier,flags' '--entitlements' '/var/folders/6m/jshfppr559x2_vmldph3jdhw0000gn/T/XcodeDistPipeline.oyk/entitlementsZQ2jBl' '/var/folders/6m/jshfppr559x2_vmldph3jdhw0000gn/T/XcodeDistPipeline.oyk/Root/Payload/breadsticks_v2.app/Frameworks/Mapbox.framework'
2018-04-27 15:03:41 +0000  /var/folders/6m/jshfppr559x2_vmldph3jdhw0000gn/T/XcodeDistPipeline.oyk/Root/Payload/breadsticks_v2.app/Frameworks/Mapbox.framework: signed bundle with Mach-O universal (armv7 arm64) [com.mapbox.sdk.ios]
2018-04-27 15:03:41 +0000  
2018-04-27 15:03:41 +0000  2018-04-27 15:03:41 +0000  

2018-04-27 15:03:41 +0000  
2018-04-27 15:03:41 +0000  
2018-04-27 15:03:41 +0000  
2018-04-27 15:03:41 +0000  
2018-04-27 15:03:41 +0000  
2018-04-27 15:03:41 +0000  
2018-04-27 15:03:41 +0000  
2018-04-27 15:03:41 +0000  
2018-04-27 15:03:41 +0000  
2018-04-27 15:03:41 +0000  
2018-04-27 15:03:41 +0000  
2018-04-27 15:03:41 +0000  
2018-04-27 15:03:41 +0000  
2018-04-27 15:03:41 +0000  
2018-04-27 15:03:41 +0000  
2018-04-27 15:03:41 +0000  
2018-04-27 15:03:41 +0000  
2018-04-27 15:03:41 +0000  /usr/bin/codesign exited with 0
2018-04-27 15:03:41 +0000  
2018-04-27 15:03:41 +0000  
2018-04-27 15:03:41 +0000  Applying entitlements delta for <IDEDistributionItem: 0x7fd79755ca00 'org.cocoapods.SCLAlertView-Objective-C' '<DVTFilePath:0x7fd7b7285b30:'/Users/andermoran/Library/Developer/Xcode/Archives/2018-04-27/breadsticks_v2 4-27-18, 9.50 AM.xcarchive/Products/Applications/breadsticks_v2.app/Frameworks/SCLAlertView_Objective_C.framework'>'> from <IDEiCloudEntitlementsProcessor: 0x7fd7b71d5e10>: {
}
2018-04-27 15:03:41 +0000  Entitlements for <IDEDistributionItem: 0x7fd79755ca00 'org.cocoapods.SCLAlertView-Objective-C' '<DVTFilePath:0x7fd7b7285b30:'/Users/andermoran/Library/Developer/Xcode/Archives/2018-04-27/breadsticks_v2 4-27-18, 9.50 AM.xcarchive/Products/Applications/breadsticks_v2.app/Frameworks/SCLAlertView_Objective_C.framework'>'>: {
}
2018-04-27 15:03:41 +0000  Writing entitlements for <IDEDistributionItem: 0x7fd79755ca00 'org.cocoapods.SCLAlertView-Objective-C' '<DVTFilePath:0x7fd7b7285b30:'/Users/andermoran/Library/Developer/Xcode/Archives/2018-04-27/breadsticks_v2 4-27-18, 9.50 AM.xcarchive/Products/Applications/breadsticks_v2.app/Frameworks/SCLAlertView_Objective_C.framework'>'> to: /var/folders/6m/jshfppr559x2_vmldph3jdhw0000gn/T/XcodeDistPipeline.oyk/entitlementsB8UIu4
2018-04-27 15:03:41 +0000  Running /usr/bin/codesign '-vvv' '--force' '--sign' 'D91F04E4DE12BC0D27E8C4FA2EB6B79DA7B1510C' '--preserve-metadata=identifier,flags' '--entitlements' '/var/folders/6m/jshfppr559x2_vmldph3jdhw0000gn/T/XcodeDistPipeline.oyk/entitlementsB8UIu4' '/var/folders/6m/jshfppr559x2_vmldph3jdhw0000gn/T/XcodeDistPipeline.oyk/Root/Payload/breadsticks_v2.app/Frameworks/SCLAlertView_Objective_C.framework'
2018-04-27 15:03:41 +0000  /var/folders/6m/jshfppr559x2_vmldph3jdhw0000gn/T/XcodeDistPipeline.oyk/Root/Payload/breadsticks_v2.app/Frameworks/SCLAlertView_Objective_C.framework: signed bundle with Mach-O universal (armv7 arm64) [org.cocoapods.SCLAlertView-Objective-C]
2018-04-27 15:03:41 +0000  2018-04-27 15:03:41 +0000  

2018-04-27 15:03:41 +0000  
2018-04-27 15:03:41 +0000  
2018-04-27 15:03:41 +0000  2018-04-27 15:03:41 +0000  

2018-04-27 15:03:41 +0000  
2018-04-27 15:03:41 +0000  
2018-04-27 15:03:41 +0000  
2018-04-27 15:03:41 +0000  2018-04-27 15:03:41 +0000  
2018-04-27 15:03:41 +0000  /usr/bin/codesign exited with 0

2018-04-27 15:03:41 +0000  Applying entitlements delta for <IDEDistributionItem: 0x7fd797579320 'com.andermoran.breadsticks-v2' '<DVTFilePath:0x7fd7b478e090:'/Users/andermoran/Library/Developer/Xcode/Archives/2018-04-27/breadsticks_v2 4-27-18, 9.50 AM.xcarchive/Products/Applications/breadsticks_v2.app'>'> from <IDEiCloudEntitlementsProcessor: 0x7fd7b710f9d0>: {
}
2018-04-27 15:03:41 +0000  Entitlements for <IDEDistributionItem: 0x7fd797579320 'com.andermoran.breadsticks-v2' '<DVTFilePath:0x7fd7b478e090:'/Users/andermoran/Library/Developer/Xcode/Archives/2018-04-27/breadsticks_v2 4-27-18, 9.50 AM.xcarchive/Products/Applications/breadsticks_v2.app'>'>: {
    "application-identifier" = "V9H9RJKQ77.com.andermoran.breadsticks-v2";
    "com.apple.developer.team-identifier" = V9H9RJKQ77;
    "get-task-allow" = 1;
    "keychain-access-groups" =     (
        "V9H9RJKQ77.com.andermoran.breadsticks-v2"
    );
}
2018-04-27 15:03:41 +0000  Writing entitlements for <IDEDistributionItem: 0x7fd797579320 'com.andermoran.breadsticks-v2' '<DVTFilePath:0x7fd7b478e090:'/Users/andermoran/Library/Developer/Xcode/Archives/2018-04-27/breadsticks_v2 4-27-18, 9.50 AM.xcarchive/Products/Applications/breadsticks_v2.app'>'> to: /var/folders/6m/jshfppr559x2_vmldph3jdhw0000gn/T/XcodeDistPipeline.oyk/entitlementsG8vMR9
2018-04-27 15:03:41 +0000  Running /usr/bin/codesign '-vvv' '--force' '--sign' 'D91F04E4DE12BC0D27E8C4FA2EB6B79DA7B1510C' '--preserve-metadata=identifier,flags' '--entitlements' '/var/folders/6m/jshfppr559x2_vmldph3jdhw0000gn/T/XcodeDistPipeline.oyk/entitlementsG8vMR9' '/var/folders/6m/jshfppr559x2_vmldph3jdhw0000gn/T/XcodeDistPipeline.oyk/Root/Payload/breadsticks_v2.app'
2018-04-27 15:03:42 +0000  /var/folders/6m/jshfppr559x2_vmldph3jdhw0000gn/T/XcodeDistPipeline.oyk/Root/Payload/breadsticks_v2.app: signed app bundle with Mach-O universal (armv7 arm64) [com.andermoran.breadsticks-v2]
2018-04-27 15:03:42 +0000  
2018-04-27 15:03:42 +0000  
2018-04-27 15:03:42 +0000  
2018-04-27 15:03:42 +0000  
2018-04-27 15:03:42 +0000  
2018-04-27 15:03:42 +0000  
2018-04-27 15:03:42 +0000  
2018-04-27 15:03:42 +0000  
2018-04-27 15:03:42 +0000  
2018-04-27 15:03:42 +0000  2018-04-27 15:03:42 +0000  

2018-04-27 15:03:42 +0000  2018-04-27 15:03:42 +0000  /usr/bin/codesign exited with 02018-04-27 15:03:42 +0000  


2018-04-27 15:03:42 +0000  Processing step: IDEDistributionStreamingZipItemStep
2018-04-27 15:03:42 +0000  Skipping step: IDEDistributionStreamingZipItemStep because it said so
2018-04-27 15:03:42 +0000  Skipping step: IDEDistributionStreamingZipItemStep because it said so
2018-04-27 15:03:42 +0000  Skipping step: IDEDistributionStreamingZipItemStep because it said so
2018-04-27 15:03:42 +0000  Processing step: IDEDistributionCreateIPAStep
2018-04-27 15:03:42 +0000  Running /usr/bin/ditto '-V' '-c' '-k' '--norsrc' '/var/folders/6m/jshfppr559x2_vmldph3jdhw0000gn/T/XcodeDistPipeline.oyk/Root' '/var/folders/6m/jshfppr559x2_vmldph3jdhw0000gn/T/XcodeDistPipeline.oyk/Packages/breadsticks_v2.ipa'
2018-04-27 15:03:42 +0000  >>> Copying /var/folders/6m/jshfppr559x2_vmldph3jdhw0000gn/T/XcodeDistPipeline.oyk/Root 
2018-04-27 15:03:42 +0000  copying file ./Payload/breadsticks_v2.app/_CodeSignature/CodeResources ... 
2018-04-27 15:03:42 +0000  48227 bytes for ./Payload/breadsticks_v2.app/_CodeSignature/CodeResources
2018-04-27 15:03:42 +0000  copying file ./Payload/breadsticks_v2.app/AppIcon20x20@2x.png ... 
2018-04-27 15:03:42 +0000  1859 bytes for ./Payload/breadsticks_v2.app/AppIcon20x20@2x.png
copying file ./Payload/breadsticks_v2.app/breadsticks_v2 ... 
2018-04-27 15:03:42 +0000  246864 bytes for ./Payload/breadsticks_v2.app/breadsticks_v2
copying file ./Payload/breadsticks_v2.app/AppIcon57x57.png ... 
2018-04-27 15:03:42 +0000  2465 bytes for ./Payload/breadsticks_v2.app/AppIcon57x57.png
copying file ./Payload/breadsticks_v2.app/AppIcon20x20@3x.png ... 
2018-04-27 15:03:42 +0000  2643 bytes for ./Payload/breadsticks_v2.app/AppIcon20x20@3x.png
copying file ./Payload/breadsticks_v2.app/AppIcon29x29.png ... 
2018-04-27 15:03:42 +0000  1360 bytes for ./Payload/breadsticks_v2.app/AppIcon29x29.png
copying file ./Payload/breadsticks_v2.app/AppIcon60x60@2x.png ... 
2018-04-27 15:03:42 +0000  5467 bytes for ./Payload/breadsticks_v2.app/AppIcon60x60@2x.png
copying file ./Payload/breadsticks_v2.app/AppIcon72x72@2x~ipad.png ... 
2018-04-27 15:03:42 +0000  6778 bytes for ./Payload/breadsticks_v2.app/AppIcon72x72@2x~ipad.png
copying file ./Payload/breadsticks_v2.app/AppIcon29x29@2x.png ... 
2018-04-27 15:03:42 +0000  2553 bytes for ./Payload/breadsticks_v2.app/AppIcon29x29@2x.png
copying file ./Payload/breadsticks_v2.app/AppIcon40x40@3x.png ... 
2018-04-27 15:03:42 +0000  5467 bytes for ./Payload/breadsticks_v2.app/AppIcon40x40@3x.png
copying file ./Payload/breadsticks_v2.app/AppIcon57x57@2x.png ... 
5224 bytes for ./Payload/breadsticks_v2.app/AppIcon57x57@2x.png
copying file ./Payload/breadsticks_v2.app/AppIcon29x29~ipad.png ... 
2018-04-27 15:03:42 +0000  1360 bytes for ./Payload/breadsticks_v2.app/AppIcon29x29~ipad.png
copying file ./Payload/breadsticks_v2.app/AppIcon40x40@2x.png ... 
2018-04-27 15:03:42 +0000  3622 bytes for ./Payload/breadsticks_v2.app/AppIcon40x40@2x.png
copying file ./Payload/breadsticks_v2.app/AppIcon29x29@3x.png ... 
2018-04-27 15:03:42 +0000  4021 bytes for ./Payload/breadsticks_v2.app/AppIcon29x29@3x.png
copying file ./Payload/breadsticks_v2.app/AppIcon60x60@3x.png ... 
2018-04-27 15:03:42 +0000  9381 bytes for ./Payload/breadsticks_v2.app/AppIcon60x60@3x.png
2018-04-27 15:03:42 +0000  copying file ./Payload/breadsticks_v2.app/Base.lproj/Main.storyboardc/ICE-tS-whT-view-W6R-cI-t6S.nib/objects-11.0+.nib ... 
2018-04-27 15:03:42 +0000  4381 bytes for ./Payload/breadsticks_v2.app/Base.lproj/Main.storyboardc/ICE-tS-whT-view-W6R-cI-t6S.nib/objects-11.0+.nib
copying file ./Payload/breadsticks_v2.app/Base.lproj/Main.storyboardc/ICE-tS-whT-view-W6R-cI-t6S.nib/runtime.nib ... 
2018-04-27 15:03:42 +0000  4522 bytes for ./Payload/breadsticks_v2.app/Base.lproj/Main.storyboardc/ICE-tS-whT-view-W6R-cI-t6S.nib/runtime.nib
copying file ./Payload/breadsticks_v2.app/Base.lproj/Main.storyboardc/UITableViewController-ICE-tS-whT.nib/objects-11.0+.nib ... 
2018-04-27 15:03:42 +0000  1162 bytes for ./Payload/breadsticks_v2.app/Base.lproj/Main.storyboardc/UITableViewController-ICE-tS-whT.nib/objects-11.0+.nib
copying file ./Payload/breadsticks_v2.app/Base.lproj/Main.storyboardc/UITableViewController-ICE-tS-whT.nib/runtime.nib ... 
2018-04-27 15:03:42 +0000  1162 bytes for ./Payload/breadsticks_v2.app/Base.lproj/Main.storyboardc/UITableViewController-ICE-tS-whT.nib/runtime.nib
copying file ./Payload/breadsticks_v2.app/Base.lproj/Main.storyboardc/BYZ-38-t0r-view-8bC-Xf-vdC.nib/objects-11.0+.nib ... 
2018-04-27 15:03:42 +0000  2022 bytes for ./Payload/breadsticks_v2.app/Base.lproj/Main.storyboardc/BYZ-38-t0r-view-8bC-Xf-vdC.nib/objects-11.0+.nib
copying file ./Payload/breadsticks_v2.app/Base.lproj/Main.storyboardc/BYZ-38-t0r-view-8bC-Xf-vdC.nib/runtime.nib ... 
2018-04-27 15:03:42 +0000  2857 bytes for ./Payload/breadsticks_v2.app/Base.lproj/Main.storyboardc/BYZ-38-t0r-view-8bC-Xf-vdC.nib/runtime.nib
copying file ./Payload/breadsticks_v2.app/Base.lproj/Main.storyboardc/Info.plist ... 
2018-04-27 15:03:42 +0000  361 bytes for ./Payload/breadsticks_v2.app/Base.lproj/Main.storyboardc/Info.plist
copying file ./Payload/breadsticks_v2.app/Base.lproj/Main.storyboardc/UINavigationController-JLh-on-qcI.nib/objects-11.0+.nib ... 
2018-04-27 15:03:42 +0000  2624 bytes for ./Payload/breadsticks_v2.app/Base.lproj/Main.storyboardc/UINavigationController-JLh-on-qcI.nib/objects-11.0+.nib
copying file ./Payload/breadsticks_v2.app/Base.lproj/Main.storyboardc/UINavigationController-JLh-on-qcI.nib/runtime.nib ... 
2018-04-27 15:03:42 +0000  2622 bytes for ./Payload/breadsticks_v2.app/Base.lproj/Main.storyboardc/UINavigationController-JLh-on-qcI.nib/runtime.nib
copying file ./Payload/breadsticks_v2.app/Base.lproj/LaunchScreen.storyboardc/01J-lp-oVM-view-Ze5-6b-2t3.nib ... 
2018-04-27 15:03:42 +0000  1985 bytes for ./Payload/breadsticks_v2.app/Base.lproj/LaunchScreen.storyboardc/01J-lp-oVM-view-Ze5-6b-2t3.nib
copying file ./Payload/breadsticks_v2.app/Base.lproj/LaunchScreen.storyboardc/UIViewController-01J-lp-oVM.nib ... 
2018-04-27 15:03:42 +0000  832 bytes for ./Payload/breadsticks_v2.app/Base.lproj/LaunchScreen.storyboardc/UIViewController-01J-lp-oVM.nib
copying file ./Payload/breadsticks_v2.app/Base.lproj/LaunchScreen.storyboardc/Info.plist ... 
258 bytes for ./Payload/breadsticks_v2.app/Base.lproj/LaunchScreen.storyboardc/Info.plist
copying file ./Payload/breadsticks_v2.app/Sweet-Sensations.ttf ... 
2018-04-27 15:03:42 +0000  31008 bytes for ./Payload/breadsticks_v2.app/Sweet-Sensations.ttf
copying file ./Payload/breadsticks_v2.app/archived-expanded-entitlements.xcent ... 
2018-04-27 15:03:42 +0000  396 bytes for ./Payload/breadsticks_v2.app/archived-expanded-entitlements.xcent
copying file ./Payload/breadsticks_v2.app/Assets.car ... 
2018-04-27 15:03:42 +0000  242952 bytes for ./Payload/breadsticks_v2.app/Assets.car
copying file ./Payload/breadsticks_v2.app/AppIcon40x40@2x~ipad.png ... 
2018-04-27 15:03:42 +0000  3622 bytes for ./Payload/breadsticks_v2.app/AppIcon40x40@2x~ipad.png
copying file ./Payload/breadsticks_v2.app/AppIcon76x76@2x~ipad.png ... 
2018-04-27 15:03:42 +0000  7519 bytes for ./Payload/breadsticks_v2.app/AppIcon76x76@2x~ipad.png
copying file ./Payload/breadsticks_v2.app/AppIcon72x72~ipad.png ... 
2018-04-27 15:03:42 +0000  3201 bytes for ./Payload/breadsticks_v2.app/AppIcon72x72~ipad.png
copying file ./Payload/breadsticks_v2.app/AppIcon83.5x83.5@2x~ipad.png ... 
2018-04-27 15:03:42 +0000  8216 bytes for ./Payload/breadsticks_v2.app/AppIcon83.5x83.5@2x~ipad.png
copying file ./Payload/breadsticks_v2.app/AppIcon50x50~ipad.png ... 
2165 bytes for ./Payload/breadsticks_v2.app/AppIcon50x50~ipad.png
copying file ./Payload/breadsticks_v2.app/AppIcon29x29@2x~ipad.png ... 
2018-04-27 15:03:42 +0000  2553 bytes for ./Payload/breadsticks_v2.app/AppIcon29x29@2x~ipad.png
copying file ./Payload/breadsticks_v2.app/AppIcon50x50@2x~ipad.png ... 
2018-04-27 15:03:42 +0000  4545 bytes for ./Payload/breadsticks_v2.app/AppIcon50x50@2x~ipad.png
copying file ./Payload/breadsticks_v2.app/AppIcon40x40~ipad.png ... 
2018-04-27 15:03:42 +0000  1859 bytes for ./Payload/breadsticks_v2.app/AppIcon40x40~ipad.png
copying file ./Payload/breadsticks_v2.app/Frameworks/Mapbox.framework/de.lproj/Localizable.strings ... 
2018-04-27 15:03:42 +0000  2615 bytes for ./Payload/breadsticks_v2.app/Frameworks/Mapbox.framework/de.lproj/Localizable.strings
copying file ./Payload/breadsticks_v2.app/Frameworks/Mapbox.framework/de.lproj/Foundation.strings ... 
2018-04-27 15:03:42 +0000  3274 bytes for ./Payload/breadsticks_v2.app/Frameworks/Mapbox.framework/de.lproj/Foundation.strings
copying file ./Payload/breadsticks_v2.app/Frameworks/Mapbox.framework/de.lproj/Localizable.stringsdict ... 
344 bytes for ./Payload/breadsticks_v2.app/Frameworks/Mapbox.framework/de.lproj/Localizable.stringsdict
copying file ./Payload/breadsticks_v2.app/Frameworks/Mapbox.framework/de.lproj/Foundation.stringsdict ... 
2018-04-27 15:03:42 +0000  425 bytes for ./Payload/breadsticks_v2.app/Frameworks/Mapbox.framework/de.lproj/Foundation.stringsdict
copying file ./Payload/breadsticks_v2.app/Frameworks/Mapbox.framework/_CodeSignature/CodeResources ... 
2018-04-27 15:03:42 +0000  28938 bytes for ./Payload/breadsticks_v2.app/Frameworks/Mapbox.framework/_CodeSignature/CodeResources
2018-04-27 15:03:42 +0000  copying file ./Payload/breadsticks_v2.app/Frameworks/Mapbox.framework/ar.lproj/Foundation.stringsdict ... 
714 bytes for ./Payload/breadsticks_v2.app/Frameworks/Mapbox.framework/ar.lproj/Foundation.stringsdict
copying file ./Payload/breadsticks_v2.app/Frameworks/Mapbox.framework/zh-Hans.lproj/Localizable.strings ... 
2018-04-27 15:03:42 +0000  1893 bytes for ./Payload/breadsticks_v2.app/Frameworks/Mapbox.framework/zh-Hans.lproj/Localizable.strings
copying file ./Payload/breadsticks_v2.app/Frameworks/Mapbox.framework/zh-Hans.lproj/Foundation.strings ... 
2018-04-27 15:03:42 +0000  2820 bytes for ./Payload/breadsticks_v2.app/Frameworks/Mapbox.framework/zh-Hans.lproj/Foundation.strings
copying file ./Payload/breadsticks_v2.app/Frameworks/Mapbox.framework/ja.lproj/Localizable.strings ... 
1498 bytes for ./Payload/breadsticks_v2.app/Frameworks/Mapbox.framework/ja.lproj/Localizable.strings
copying file ./Payload/breadsticks_v2.app/Frameworks/Mapbox.framework/ja.lproj/Foundation.strings ... 
2018-04-27 15:03:42 +0000  2822 bytes for ./Payload/breadsticks_v2.app/Frameworks/Mapbox.framework/ja.lproj/Foundation.strings
copying file ./Payload/breadsticks_v2.app/Frameworks/Mapbox.framework/en.lproj/Localizable.stringsdict ... 
2018-04-27 15:03:42 +0000  470 bytes for ./Payload/breadsticks_v2.app/Frameworks/Mapbox.framework/en.lproj/Localizable.stringsdict
copying file ./Payload/breadsticks_v2.app/Frameworks/Mapbox.framework/en.lproj/Foundation.stringsdict ... 
438 bytes for ./Payload/breadsticks_v2.app/Frameworks/Mapbox.framework/en.lproj/Foundation.stringsdict
2018-04-27 15:03:42 +0000  copying file ./Payload/breadsticks_v2.app/Frameworks/Mapbox.framework/uk.lproj/Localizable.strings ... 
2980 bytes for ./Payload/breadsticks_v2.app/Frameworks/Mapbox.framework/uk.lproj/Localizable.strings
copying file ./Payload/breadsticks_v2.app/Frameworks/Mapbox.framework/uk.lproj/Foundation.strings ... 
2018-04-27 15:03:42 +0000  4068 bytes for ./Payload/breadsticks_v2.app/Frameworks/Mapbox.framework/uk.lproj/Foundation.strings
copying file ./Payload/breadsticks_v2.app/Frameworks/Mapbox.framework/uk.lproj/Localizable.stringsdict ... 
443 bytes for ./Payload/breadsticks_v2.app/Frameworks/Mapbox.framework/uk.lproj/Localizable.stringsdict
copying file ./Payload/breadsticks_v2.app/Frameworks/Mapbox.framework/uk.lproj/Foundation.stringsdict ... 
2018-04-27 15:03:42 +0000  578 bytes for ./Payload/breadsticks_v2.app/Frameworks/Mapbox.framework/uk.lproj/Foundation.stringsdict
copying file ./Payload/breadsticks_v2.app/Frameworks/Mapbox.framework/es.lproj/Localizable.strings ... 
2018-04-27 15:03:42 +0000  2979 bytes for ./Payload/breadsticks_v2.app/Frameworks/Mapbox.framework/es.lproj/Localizable.strings
copying file ./Payload/breadsticks_v2.app/Frameworks/Mapbox.framework/es.lproj/Foundation.strings ... 
2018-04-27 15:03:42 +0000  3244 bytes for ./Payload/breadsticks_v2.app/Frameworks/Mapbox.framework/es.lproj/Foundation.strings
copying file ./Payload/breadsticks_v2.app/Frameworks/Mapbox.framework/es.lproj/Localizable.stringsdict ... 
495 bytes for ./Payload/breadsticks_v2.app/Frameworks/Mapbox.framework/es.lproj/Localizable.stringsdict
copying file ./Payload/breadsticks_v2.app/Frameworks/Mapbox.framework/es.lproj/Foundation.stringsdict ... 
2018-04-27 15:03:42 +0000  438 bytes for ./Payload/breadsticks_v2.app/Frameworks/Mapbox.framework/es.lproj/Foundation.stringsdict
2018-04-27 15:03:42 +0000  copying file ./Payload/breadsticks_v2.app/Frameworks/Mapbox.framework/bg.lproj/Localizable.strings ... 
2018-04-27 15:03:42 +0000  2896 bytes for ./Payload/breadsticks_v2.app/Frameworks/Mapbox.framework/bg.lproj/Localizable.strings
copying file ./Payload/breadsticks_v2.app/Frameworks/Mapbox.framework/bg.lproj/Foundation.strings ... 
2018-04-27 15:03:42 +0000  3735 bytes for ./Payload/breadsticks_v2.app/Frameworks/Mapbox.framework/bg.lproj/Foundation.strings
copying file ./Payload/breadsticks_v2.app/Frameworks/Mapbox.framework/bg.lproj/Localizable.stringsdict ... 
503 bytes for ./Payload/breadsticks_v2.app/Frameworks/Mapbox.framework/bg.lproj/Localizable.stringsdict
2018-04-27 15:03:42 +0000  copying file ./Payload/breadsticks_v2.app/Frameworks/Mapbox.framework/bg.lproj/Foundation.stringsdict ... 
495 bytes for ./Payload/breadsticks_v2.app/Frameworks/Mapbox.framework/bg.lproj/Foundation.stringsdict
copying file ./Payload/breadsticks_v2.app/Frameworks/Mapbox.framework/sv.lproj/Localizable.strings ... 
2018-04-27 15:03:42 +0000  2575 bytes for ./Payload/breadsticks_v2.app/Frameworks/Mapbox.framework/sv.lproj/Localizable.strings
copying file ./Payload/breadsticks_v2.app/Frameworks/Mapbox.framework/sv.lproj/Foundation.strings ... 
2018-04-27 15:03:42 +0000  3353 bytes for ./Payload/breadsticks_v2.app/Frameworks/Mapbox.framework/sv.lproj/Foundation.strings
copying file ./Payload/breadsticks_v2.app/Frameworks/Mapbox.framework/sv.lproj/Localizable.stringsdict ... 
339 bytes for ./Payload/breadsticks_v2.app/Frameworks/Mapbox.framework/sv.lproj/Localizable.stringsdict
copying file ./Payload/breadsticks_v2.app/Frameworks/Mapbox.framework/sv.lproj/Foundation.stringsdict ... 
2018-04-27 15:03:42 +0000  435 bytes for ./Payload/breadsticks_v2.app/Frameworks/Mapbox.framework/sv.lproj/Foundation.stringsdict
copying file ./Payload/breadsticks_v2.app/Frameworks/Mapbox.framework/api_mapbox_com-digicert_2016.der ... 
2018-04-27 15:03:42 +0000  1913 bytes for ./Payload/breadsticks_v2.app/Frameworks/Mapbox.framework/api_mapbox_com-digicert_2016.der
copying file ./Payload/breadsticks_v2.app/Frameworks/Mapbox.framework/api_mapbox_com-digicert_2017.der ... 
2030 bytes for ./Payload/breadsticks_v2.app/Frameworks/Mapbox.framework/api_mapbox_com-digicert_2017.der
2018-04-27 15:03:42 +0000  copying file ./Payload/breadsticks_v2.app/Frameworks/Mapbox.framework/Base.lproj/Localizable.strings ... 
2369 bytes for ./Payload/breadsticks_v2.app/Frameworks/Mapbox.framework/Base.lproj/Localizable.strings
copying file ./Payload/breadsticks_v2.app/Frameworks/Mapbox.framework/Base.lproj/Foundation.strings ... 
2018-04-27 15:03:42 +0000  3237 bytes for ./Payload/breadsticks_v2.app/Frameworks/Mapbox.framework/Base.lproj/Foundation.strings
copying file ./Payload/breadsticks_v2.app/Frameworks/Mapbox.framework/zh-Hant.lproj/Localizable.strings ... 
2018-04-27 15:03:42 +0000  1701 bytes for ./Payload/breadsticks_v2.app/Frameworks/Mapbox.framework/zh-Hant.lproj/Localizable.strings
copying file ./Payload/breadsticks_v2.app/Frameworks/Mapbox.framework/zh-Hant.lproj/Foundation.strings ... 
2018-04-27 15:03:42 +0000  2826 bytes for ./Payload/breadsticks_v2.app/Frameworks/Mapbox.framework/zh-Hant.lproj/Foundation.strings
copying file ./Payload/breadsticks_v2.app/Frameworks/Mapbox.framework/zh-Hant.lproj/Localizable.stringsdict ... 
282 bytes for ./Payload/breadsticks_v2.app/Frameworks/Mapbox.framework/zh-Hant.lproj/Localizable.stringsdict
copying file ./Payload/breadsticks_v2.app/Frameworks/Mapbox.framework/api_mapbox_com-geotrust_2016.der ... 
2018-04-27 15:03:42 +0000  1757 bytes for ./Payload/breadsticks_v2.app/Frameworks/Mapbox.framework/api_mapbox_com-geotrust_2016.der
copying file ./Payload/breadsticks_v2.app/Frameworks/Mapbox.framework/hu.lproj/Localizable.strings ... 
2018-04-27 15:03:42 +0000  2588 bytes for ./Payload/breadsticks_v2.app/Frameworks/Mapbox.framework/hu.lproj/Localizable.strings
copying file ./Payload/breadsticks_v2.app/Frameworks/Mapbox.framework/hu.lproj/Foundation.stringsdict ... 
409 bytes for ./Payload/breadsticks_v2.app/Frameworks/Mapbox.framework/hu.lproj/Foundation.stringsdict
copying file ./Payload/breadsticks_v2.app/Frameworks/Mapbox.framework/api_mapbox_com-geotrust_2017.der ... 
2018-04-27 15:03:42 +0000  1758 bytes for ./Payload/breadsticks_v2.app/Frameworks/Mapbox.framework/api_mapbox_com-geotrust_2017.der
copying file ./Payload/breadsticks_v2.app/Frameworks/Mapbox.framework/Assets.car ... 
2018-04-27 15:03:42 +0000  85288 bytes for ./Payload/breadsticks_v2.app/Frameworks/Mapbox.framework/Assets.car
2018-04-27 15:03:42 +0000  copying file ./Payload/breadsticks_v2.app/Frameworks/Mapbox.framework/pl.lproj/Foundation.stringsdict ... 
522 bytes for ./Payload/breadsticks_v2.app/Frameworks/Mapbox.framework/pl.lproj/Foundation.stringsdict
copying file ./Payload/breadsticks_v2.app/Frameworks/Mapbox.framework/pt-BR.lproj/Localizable.strings ... 
2018-04-27 15:03:42 +0000  2725 bytes for ./Payload/breadsticks_v2.app/Frameworks/Mapbox.framework/pt-BR.lproj/Localizable.strings
copying file ./Payload/breadsticks_v2.app/Frameworks/Mapbox.framework/pt-BR.lproj/Foundation.strings ... 
2018-04-27 15:03:42 +0000  3277 bytes for ./Payload/breadsticks_v2.app/Frameworks/Mapbox.framework/pt-BR.lproj/Foundation.strings
copying file ./Payload/breadsticks_v2.app/Frameworks/Mapbox.framework/pt-BR.lproj/Localizable.stringsdict ... 
376 bytes for ./Payload/breadsticks_v2.app/Frameworks/Mapbox.framework/pt-BR.lproj/Localizable.stringsdict
copying file ./Payload/breadsticks_v2.app/Frameworks/Mapbox.framework/pt-BR.lproj/Foundation.stringsdict ... 
436 bytes for ./Payload/breadsticks_v2.app/Frameworks/Mapbox.framework/pt-BR.lproj/Foundation.stringsdict
2018-04-27 15:03:42 +0000  copying file ./Payload/breadsticks_v2.app/Frameworks/Mapbox.framework/vi.lproj/Localizable.strings ... 
2018-04-27 15:03:42 +0000  3508 bytes for ./Payload/breadsticks_v2.app/Frameworks/Mapbox.framework/vi.lproj/Localizable.strings
copying file ./Payload/breadsticks_v2.app/Frameworks/Mapbox.framework/vi.lproj/Foundation.strings ... 
3656 bytes for ./Payload/breadsticks_v2.app/Frameworks/Mapbox.framework/vi.lproj/Foundation.strings
copying file ./Payload/breadsticks_v2.app/Frameworks/Mapbox.framework/vi.lproj/Localizable.stringsdict ... 
2018-04-27 15:03:42 +0000  516 bytes for ./Payload/breadsticks_v2.app/Frameworks/Mapbox.framework/vi.lproj/Localizable.stringsdict
copying file ./Payload/breadsticks_v2.app/Frameworks/Mapbox.framework/vi.lproj/Foundation.stringsdict ... 
398 bytes for ./Payload/breadsticks_v2.app/Frameworks/Mapbox.framework/vi.lproj/Foundation.stringsdict
copying file ./Payload/breadsticks_v2.app/Frameworks/Mapbox.framework/lt.lproj/Localizable.strings ... 
2018-04-27 15:03:42 +0000  2946 bytes for ./Payload/breadsticks_v2.app/Frameworks/Mapbox.framework/lt.lproj/Localizable.strings
copying file ./Payload/breadsticks_v2.app/Frameworks/Mapbox.framework/lt.lproj/Foundation.strings ... 
2018-04-27 15:03:42 +0000  4194 bytes for ./Payload/breadsticks_v2.app/Frameworks/Mapbox.framework/lt.lproj/Foundation.strings
copying file ./Payload/breadsticks_v2.app/Frameworks/Mapbox.framework/lt.lproj/Localizable.stringsdict ... 
2018-04-27 15:03:42 +0000  399 bytes for ./Payload/breadsticks_v2.app/Frameworks/Mapbox.framework/lt.lproj/Localizable.stringsdict
copying file ./Payload/breadsticks_v2.app/Frameworks/Mapbox.framework/lt.lproj/Foundation.stringsdict ... 
557 bytes for ./Payload/breadsticks_v2.app/Frameworks/Mapbox.framework/lt.lproj/Foundation.stringsdict
copying file ./Payload/breadsticks_v2.app/Frameworks/Mapbox.framework/ru.lproj/Localizable.strings ... 
2018-04-27 15:03:42 +0000  2899 bytes for ./Payload/breadsticks_v2.app/Frameworks/Mapbox.framework/ru.lproj/Localizable.strings
copying file ./Payload/breadsticks_v2.app/Frameworks/Mapbox.framework/ru.lproj/Foundation.strings ... 
2018-04-27 15:03:42 +0000  3281 bytes for ./Payload/breadsticks_v2.app/Frameworks/Mapbox.framework/ru.lproj/Foundation.strings
copying file ./Payload/breadsticks_v2.app/Frameworks/Mapbox.framework/ru.lproj/Localizable.stringsdict ... 
2018-04-27 15:03:42 +0000  444 bytes for ./Payload/breadsticks_v2.app/Frameworks/Mapbox.framework/ru.lproj/Localizable.stringsdict
copying file ./Payload/breadsticks_v2.app/Frameworks/Mapbox.framework/ru.lproj/Foundation.stringsdict ... 
585 bytes for ./Payload/breadsticks_v2.app/Frameworks/Mapbox.framework/ru.lproj/Foundation.stringsdict
copying file ./Payload/breadsticks_v2.app/Frameworks/Mapbox.framework/Mapbox ... 
2018-04-27 15:03:42 +0000  8504448 bytes for ./Payload/breadsticks_v2.app/Frameworks/Mapbox.framework/Mapbox
2018-04-27 15:03:42 +0000  copying file ./Payload/breadsticks_v2.app/Frameworks/Mapbox.framework/fr.lproj/Localizable.strings ... 
3013 bytes for ./Payload/breadsticks_v2.app/Frameworks/Mapbox.framework/fr.lproj/Localizable.strings
copying file ./Payload/breadsticks_v2.app/Frameworks/Mapbox.framework/fr.lproj/Localizable.stringsdict ... 
340 bytes for ./Payload/breadsticks_v2.app/Frameworks/Mapbox.framework/fr.lproj/Localizable.stringsdict
copying file ./Payload/breadsticks_v2.app/Frameworks/Mapbox.framework/fr.lproj/Foundation.stringsdict ... 
2018-04-27 15:03:42 +0000  455 bytes for ./Payload/breadsticks_v2.app/Frameworks/Mapbox.framework/fr.lproj/Foundation.stringsdict
copying file ./Payload/breadsticks_v2.app/Frameworks/Mapbox.framework/strip-frameworks.sh ... 
2570 bytes for ./Payload/breadsticks_v2.app/Frameworks/Mapbox.framework/strip-frameworks.sh
copying file ./Payload/breadsticks_v2.app/Frameworks/Mapbox.framework/Info.plist ... 
2018-04-27 15:03:42 +0000  798 bytes for ./Payload/breadsticks_v2.app/Frameworks/Mapbox.framework/Info.plist
copying file ./Payload/breadsticks_v2.app/Frameworks/Mapbox.framework/api_mapbox_staging.der ... 
2018-04-27 15:03:42 +0000  1334 bytes for ./Payload/breadsticks_v2.app/Frameworks/Mapbox.framework/api_mapbox_staging.der
copying file ./Payload/breadsticks_v2.app/Frameworks/Mapbox.framework/ca.lproj/Localizable.strings ... 
2018-04-27 15:03:42 +0000  2919 bytes for ./Payload/breadsticks_v2.app/Frameworks/Mapbox.framework/ca.lproj/Localizable.strings
copying file ./Payload/breadsticks_v2.app/Frameworks/Mapbox.framework/ca.lproj/Foundation.strings ... 
2018-04-27 15:03:42 +0000  3166 bytes for ./Payload/breadsticks_v2.app/Frameworks/Mapbox.framework/ca.lproj/Foundation.strings
copying file ./Payload/breadsticks_v2.app/Frameworks/Mapbox.framework/ca.lproj/Localizable.stringsdict ... 
356 bytes for ./Payload/breadsticks_v2.app/Frameworks/Mapbox.framework/ca.lproj/Localizable.stringsdict
copying file ./Payload/breadsticks_v2.app/Frameworks/Mapbox.framework/ca.lproj/Foundation.stringsdict ... 
430 bytes for ./Payload/breadsticks_v2.app/Frameworks/Mapbox.framework/ca.lproj/Foundation.stringsdict
2018-04-27 15:03:42 +0000  copying file ./Payload/breadsticks_v2.app/Frameworks/SCLAlertView_Objective_C.framework/_CodeSignature/CodeResources ... 
2202 bytes for ./Payload/breadsticks_v2.app/Frameworks/SCLAlertView_Objective_C.framework/_CodeSignature/CodeResources
copying file ./Payload/breadsticks_v2.app/Frameworks/SCLAlertView_Objective_C.framework/SCLAlertView_Objective_C ... 
2018-04-27 15:03:42 +0000  769072 bytes for ./Payload/breadsticks_v2.app/Frameworks/SCLAlertView_Objective_C.framework/SCLAlertView_Objective_C
copying file ./Payload/breadsticks_v2.app/Frameworks/SCLAlertView_Objective_C.framework/Info.plist ... 
2018-04-27 15:03:42 +0000  773 bytes for ./Payload/breadsticks_v2.app/Frameworks/SCLAlertView_Objective_C.framework/Info.plist
copying file ./Payload/breadsticks_v2.app/AppIcon20x20~ipad.png ... 
2018-04-27 15:03:42 +0000  949 bytes for ./Payload/breadsticks_v2.app/AppIcon20x20~ipad.png
copying file ./Payload/breadsticks_v2.app/embedded.mobileprovision ... 
2018-04-27 15:03:42 +0000  8295 bytes for ./Payload/breadsticks_v2.app/embedded.mobileprovision
copying file ./Payload/breadsticks_v2.app/AppIcon20x20@2x~ipad.png ... 
2018-04-27 15:03:42 +0000  1859 bytes for ./Payload/breadsticks_v2.app/AppIcon20x20@2x~ipad.png
copying file ./Payload/breadsticks_v2.app/Info.plist ... 
1752 bytes for ./Payload/breadsticks_v2.app/Info.plist
copying file ./Payload/breadsticks_v2.app/PkgInfo ... 
8 bytes for ./Payload/breadsticks_v2.app/PkgInfo
copying file ./Payload/breadsticks_v2.app/AppIcon76x76~ipad.png ... 
2018-04-27 15:03:42 +0000  3506 bytes for ./Payload/breadsticks_v2.app/AppIcon76x76~ipad.png
2018-04-27 15:03:42 +0000  
2018-04-27 15:03:42 +0000  
2018-04-27 15:03:42 +0000  
2018-04-27 15:03:42 +0000  /usr/bin/ditto exited with 0
2018-04-27 15:03:42 +0000  2018-04-27 15:03:42 +0000  

2018-04-27 15:03:42 +0000  Processing step: IDEDistributionCreateManifestStep
